<?xml version="1.0" encoding="UTF-8"?>
<coverage generated="1513067990314" clover="3.2.0">
  <project timestamp="1513067990314" name="All files">
    <metrics statements="88" coveredstatements="71" conditionals="22" coveredconditionals="15" methods="19" coveredmethods="12" elements="129" coveredelements="98" complexity="0" loc="88" ncloc="88" packages="1" files="2" classes="2">
      <file name="gamebrain.js" path="C:\cygwin64\home\user\dbwebb-kurser\ramverk2\me\app\src\Memory\gamebrain.js">
        <metrics statements="63" coveredstatements="53" conditionals="17" coveredconditionals="12" methods="11" coveredmethods="7"/>
        <line num="13" count="6" type="stmt"/>
        <line num="24" count="6" type="stmt"/>
        <line num="25" count="6" type="stmt"/>
        <line num="26" count="6" type="stmt"/>
        <line num="27" count="6" type="stmt"/>
        <line num="28" count="6" type="stmt"/>
        <line num="29" count="6" type="stmt"/>
        <line num="30" count="6" type="stmt"/>
        <line num="31" count="6" type="stmt"/>
        <line num="41" count="10" type="stmt"/>
        <line num="45" count="0" type="stmt"/>
        <line num="46" count="0" type="stmt"/>
        <line num="55" count="2" type="stmt"/>
        <line num="57" count="2" type="cond" truecount="2" falsecount="0"/>
        <line num="58" count="1" type="stmt"/>
        <line num="61" count="1" type="cond" truecount="1" falsecount="1"/>
        <line num="63" count="1" type="stmt"/>
        <line num="65" count="1" type="stmt"/>
        <line num="66" count="1" type="stmt"/>
        <line num="68" count="1" type="stmt"/>
        <line num="80" count="3" type="stmt"/>
        <line num="81" count="3" type="stmt"/>
        <line num="84" count="3" type="cond" truecount="2" falsecount="0"/>
        <line num="85" count="1" type="stmt"/>
        <line num="86" count="1" type="stmt"/>
        <line num="87" count="1" type="stmt"/>
        <line num="91" count="2" type="cond" truecount="2" falsecount="0"/>
        <line num="93" count="1" type="stmt"/>
        <line num="95" count="1" type="cond" truecount="1" falsecount="1"/>
        <line num="96" count="1" type="stmt"/>
        <line num="98" count="0" type="stmt"/>
        <line num="101" count="1" type="stmt"/>
        <line num="103" count="1" type="stmt"/>
        <line num="106" count="3" type="stmt"/>
        <line num="110" count="0" type="stmt"/>
        <line num="123" count="3" type="stmt"/>
        <line num="124" count="3" type="stmt"/>
        <line num="126" count="3" type="stmt"/>
        <line num="127" count="3" type="stmt"/>
        <line num="128" count="3" type="cond" truecount="1" falsecount="1"/>
        <line num="129" count="3" type="stmt"/>
        <line num="130" count="3" type="stmt"/>
        <line num="131" count="3" type="stmt"/>
        <line num="134" count="3" type="stmt"/>
        <line num="145" count="3" type="stmt"/>
        <line num="147" count="3" type="stmt"/>
        <line num="148" count="3" type="stmt"/>
        <line num="151" count="3" type="stmt"/>
        <line num="152" count="3" type="cond" truecount="2" falsecount="0"/>
        <line num="153" count="2" type="stmt"/>
        <line num="155" count="1" type="stmt"/>
        <line num="156" count="1" type="stmt"/>
        <line num="157" count="1" type="stmt"/>
        <line num="159" count="3" type="stmt"/>
        <line num="161" count="3" type="stmt"/>
        <line num="165" count="6" type="stmt"/>
        <line num="169" count="0" type="stmt"/>
        <line num="178" count="0" type="stmt"/>
        <line num="180" count="0" type="cond" truecount="0" falsecount="2"/>
        <line num="181" count="0" type="stmt"/>
        <line num="182" count="0" type="stmt"/>
        <line num="184" count="0" type="stmt"/>
        <line num="189" count="1" type="stmt"/>
      </file>
      <file name="memorycard.js" path="C:\cygwin64\home\user\dbwebb-kurser\ramverk2\me\app\src\Memory\memorycard.js">
        <metrics statements="25" coveredstatements="18" conditionals="5" coveredconditionals="3" methods="8" coveredmethods="5"/>
        <line num="13" count="12" type="stmt"/>
        <line num="25" count="12" type="stmt"/>
        <line num="37" count="12" type="stmt"/>
        <line num="51" count="12" type="stmt"/>
        <line num="62" count="6" type="stmt"/>
        <line num="66" count="6" type="stmt"/>
        <line num="76" count="0" type="stmt"/>
        <line num="78" count="0" type="stmt"/>
        <line num="79" count="0" type="stmt"/>
        <line num="80" count="0" type="cond" truecount="0" falsecount="2"/>
        <line num="81" count="0" type="stmt"/>
        <line num="84" count="0" type="stmt"/>
        <line num="129" count="4" type="stmt"/>
        <line num="136" count="2" type="cond" truecount="2" falsecount="0"/>
        <line num="137" count="1" type="stmt"/>
        <line num="140" count="2" type="stmt"/>
        <line num="141" count="40" type="stmt"/>
        <line num="146" count="1" type="stmt"/>
        <line num="151" count="1" type="stmt"/>
        <line num="153" count="20" type="stmt"/>
        <line num="156" count="20" type="stmt"/>
        <line num="157" count="20" type="stmt"/>
        <line num="158" count="20" type="stmt"/>
        <line num="163" count="0" type="stmt"/>
        <line num="168" count="1" type="stmt"/>
      </file>
    </metrics>
  </project>
</coverage>
